16:04:42.072 [INFO] [main] cn.analysys.douban.DoubanApplication [StartupInfoLogger.java : 50] Starting DoubanApplication on DESKTOP-265SDM5 with PID 21484 (E:\ideaProject\webProject\douban\target\classes started by codeyi in E:\ideaProject\webProject\douban)
16:04:42.076 [INFO] [main] cn.analysys.douban.DoubanApplication [SpringApplication.java : 647] No active profile set, falling back to default profiles: default
16:04:42.814 [INFO] [main] o.s.data.repository.config.RepositoryConfigurationDelegate [RepositoryConfigurationDelegate.java : 244] Multiple Spring Data modules found, entering strict repository configuration mode!
16:04:42.816 [INFO] [main] o.s.data.repository.config.RepositoryConfigurationDelegate [RepositoryConfigurationDelegate.java : 126] Bootstrapping Spring Data repositories in DEFAULT mode.
16:04:42.842 [INFO] [main] o.s.data.repository.config.RepositoryConfigurationDelegate [RepositoryConfigurationDelegate.java : 182] Finished Spring Data repository scanning in 15ms. Found 0 repository interfaces.
16:04:43.124 [INFO] [main] o.s.c.s.PostProcessorRegistrationDelegate$BeanPostProcessorChecker [PostProcessorRegistrationDelegate.java : 330] Bean 'org.springframework.transaction.annotation.ProxyTransactionManagementConfiguration' of type [org.springframework.transaction.annotation.ProxyTransactionManagementConfiguration$$EnhancerBySpringCGLIB$$4a6c5fcb] is not eligible for getting processed by all BeanPostProcessors (for example: not eligible for auto-proxying)
16:04:43.364 [INFO] [main] org.springframework.boot.web.embedded.tomcat.TomcatWebServer [TomcatWebServer.java : 90] Tomcat initialized with port(s): 8085 (http)
16:04:43.384 [INFO] [main] org.apache.catalina.core.StandardService [DirectJDKLog.java : 173] Starting service [Tomcat]
16:04:43.385 [INFO] [main] org.apache.catalina.core.StandardEngine [DirectJDKLog.java : 173] Starting Servlet engine: [Apache Tomcat/9.0.22]
16:04:43.391 [INFO] [main] org.apache.catalina.core.AprLifecycleListener [DirectJDKLog.java : 173] Loaded APR based Apache Tomcat Native library [1.2.23] using APR version [1.7.0].
16:04:43.392 [INFO] [main] org.apache.catalina.core.AprLifecycleListener [DirectJDKLog.java : 173] APR capabilities: IPv6 [true], sendfile [true], accept filters [false], random [true].
16:04:43.392 [INFO] [main] org.apache.catalina.core.AprLifecycleListener [DirectJDKLog.java : 173] APR/OpenSSL configuration: useAprConnector [false], useOpenSSL [true]
16:04:43.395 [INFO] [main] org.apache.catalina.core.AprLifecycleListener [DirectJDKLog.java : 173] OpenSSL successfully initialized [OpenSSL 1.1.1c  28 May 2019]
16:04:43.488 [INFO] [main] o.a.catalina.core.ContainerBase.[Tomcat].[localhost].[/] [DirectJDKLog.java : 173] Initializing Spring embedded WebApplicationContext
16:04:43.488 [INFO] [main] org.springframework.web.context.ContextLoader [ServletWebServerApplicationContext.java : 284] Root WebApplicationContext: initialization completed in 1358 ms
16:04:44.534 [INFO] [main] o.s.scheduling.concurrent.ThreadPoolTaskExecutor [ExecutorConfigurationSupport.java : 171] Initializing ExecutorService 'applicationTaskExecutor'
16:04:44.872 [INFO] [main] io.lettuce.core.EpollProvider [EpollProvider.java : 68] Starting without optional epoll library
16:04:44.873 [INFO] [main] io.lettuce.core.KqueueProvider [KqueueProvider.java : 70] Starting without optional kqueue library
16:04:45.391 [INFO] [main] s.d.spring.web.plugins.DocumentationPluginsBootstrapper [DocumentationPluginsBootstrapper.java : 120] Context refreshed
16:04:45.405 [INFO] [main] s.d.spring.web.plugins.DocumentationPluginsBootstrapper [DocumentationPluginsBootstrapper.java : 123] Found 1 custom documentation plugin(s)
16:04:45.416 [INFO] [main] s.d.spring.web.scanners.ApiListingReferenceScanner [ApiListingReferenceScanner.java : 41] Scanning for api listing references
16:04:46.176 [INFO] [main] o.s.s.annotation.ScheduledAnnotationBeanPostProcessor [ScheduledAnnotationBeanPostProcessor.java : 295] No TaskScheduler/ScheduledExecutorService bean found for scheduled processing
16:04:46.196 [INFO] [main] org.springframework.boot.web.embedded.tomcat.TomcatWebServer [TomcatWebServer.java : 202] Tomcat started on port(s): 8085 (http) with context path ''
16:04:46.198 [INFO] [main] cn.analysys.douban.DoubanApplication [StartupInfoLogger.java : 59] Started DoubanApplication in 4.523 seconds (JVM running for 5.181)
16:04:49.264 [INFO] [http-nio-8085-exec-2] o.a.catalina.core.ContainerBase.[Tomcat].[localhost].[/] [DirectJDKLog.java : 173] Initializing Spring DispatcherServlet 'dispatcherServlet'
16:04:49.265 [INFO] [http-nio-8085-exec-2] org.springframework.web.servlet.DispatcherServlet [FrameworkServlet.java : 524] Initializing Servlet 'dispatcherServlet'
16:04:49.274 [INFO] [http-nio-8085-exec-2] org.springframework.web.servlet.DispatcherServlet [FrameworkServlet.java : 546] Completed initialization in 9 ms
16:04:49.288 [ERROR] [http-nio-8085-exec-2] cn.analysys.douban.filter.CorsFilter [CorsFilter.java : 36] ###跨域过滤器->当前访问来源->null###
16:04:49.393 [INFO] [http-nio-8085-exec-2] com.alibaba.druid.pool.DruidDataSource [DruidDataSource.java : 928] {dataSource-1} inited
16:04:49.470 [DEBUG] [http-nio-8085-exec-2] cn.analysys.douban.mapper.MusicMapper.selectTop10 [BaseJdbcLogger.java : 159] ==>  Preparing: select * from music_review where song_id = ? limit 10 
16:04:49.490 [DEBUG] [http-nio-8085-exec-2] cn.analysys.douban.mapper.MusicMapper.selectTop10 [BaseJdbcLogger.java : 159] ==> Parameters: 1403307(Integer)
16:04:49.528 [DEBUG] [http-nio-8085-exec-2] cn.analysys.douban.mapper.MusicMapper.selectTop10 [BaseJdbcLogger.java : 159] <==      Total: 10
16:04:49.530 [DEBUG] [http-nio-8085-exec-2] cn.analysys.douban.mapper.MusicMapper.selectById [BaseJdbcLogger.java : 159] ==>  Preparing: select * from music where id = ? 
16:04:49.532 [DEBUG] [http-nio-8085-exec-2] cn.analysys.douban.mapper.MusicMapper.selectById [BaseJdbcLogger.java : 159] ==> Parameters: 1403307(Integer)
16:04:49.536 [DEBUG] [http-nio-8085-exec-2] cn.analysys.douban.mapper.MusicMapper.selectById [BaseJdbcLogger.java : 159] <==      Total: 1
16:04:49.855 [ERROR] [http-nio-8085-exec-1] cn.analysys.douban.filter.CorsFilter [CorsFilter.java : 36] ###跨域过滤器->当前访问来源->null###
16:04:55.143 [ERROR] [http-nio-8085-exec-3] cn.analysys.douban.filter.CorsFilter [CorsFilter.java : 36] ###跨域过滤器->当前访问来源->null###
16:04:55.248 [ERROR] [http-nio-8085-exec-4] cn.analysys.douban.filter.CorsFilter [CorsFilter.java : 36] ###跨域过滤器->当前访问来源->null###
